<?xml version="1.0" encoding="utf-8"?><testsuites name="pytest tests"><testsuite name="pytest" errors="0" failures="0" skipped="1" tests="18" time="1.885" timestamp="2026-06-02T20:05:54.240242+03:00" hostname="DESKTOP-K630G07"><testcase classname="test_ex_01" name="test_get_user_returns_200" time="0.506" /><testcase classname="test_ex_01" name="test_get_user_contains_expected_fields" time="0.474" /><testcase classname="test_ex_01" name="test_get_user_returns_correct_id" time="0.488" /><testcase classname="test_ex_01" name="test_model" time="0.001" /><testcase classname="test_ex_02" name="test_income_range[10000]" time="0.001" /><testcase classname="test_ex_02" name="test_income_range[20000]" time="0.001" /><testcase classname="test_ex_02" name="test_income_range[30000]" time="0.001" /><testcase classname="test_ex_02" name="test_income_range[40000]" time="0.001" /><testcase classname="test_ex_02" name="test_job_income_combo[IT-50000]" time="0.001" /><testcase classname="test_ex_02" name="test_job_income_combo[IT-70000]" time="0.001" /><testcase classname="test_ex_02" name="test_job_income_combo[\u0441\u043f\u043e\u0440\u0442-25000]" time="0.001" /><testcase classname="test_ex_02" name="test_job_income_combo[\u0432\u0456\u0439\u0441\u044c\u043a\u043e-15000]" time="0.001" /><testcase classname="test_ex_02" name="test_something" time="0.001"><skipped type="pytest.skip" message="модель ще не готова">D:\elearning\qalight_py_120326\lesson_23_fixtures_params\test_ex_02.py:25: модель ще не готова</skipped></testcase><testcase classname="test_ex_02" name="test_known_issue" time="0.001" /><testcase classname="test_ex_03" name="test_missing_values" time="0.001" /><testcase classname="test_ex_03" name="test_income_contribution" time="0.001" /><testcase classname="test_ex_03" name="test_gender_parity" time="0.001" /><testcase classname="test_ex_03" name="test_high_risk_job" time="0.001" /></testsuite></testsuites>